<?xml version="1.0" encoding="UTF-8"?>
<!-- Generated by org.testng.reporters.JUnitReportReporter -->
<testsuite hostname="LAPTOP-KB7KK6RH" failures="0" tests="4" name="com.qa.hubspot.tests.LoginPageTest" time="54.255" errors="0" timestamp="08 Apr 2022 18:41:56 GMT" skipped="0">
  <testcase classname="com.qa.hubspot.tests.LoginPageTest" name="verifyLoginPageTitleTest" time="8.785"/>
  <testcase classname="com.qa.hubspot.tests.LoginPageTest" name="verifyLoginPageTitleTest" time="12.462"/>
  <testcase classname="com.qa.hubspot.tests.LoginPageTest" name="loginTest" time="18.837"/>
  <testcase classname="com.qa.hubspot.tests.LoginPageTest" name="loginTest" time="14.171"/>
</testsuite> <!-- com.qa.hubspot.tests.LoginPageTest -->
